  AABB.CPP
  AABBLinkedList.cpp
  AABBNode.cpp
  camera.cpp
E:\Murdoch\ICT290 Games design and Programming\shayLearyALL\CAMPUS TOUR\camera.cpp(200,21): warning C4244: 'argument': conversion from 'GLdouble' to 'const int', possible loss of data
E:\Murdoch\ICT290 Games design and Programming\shayLearyALL\CAMPUS TOUR\camera.cpp(200,14): warning C4244: 'argument': conversion from 'GLdouble' to 'const int', possible loss of data
E:\Murdoch\ICT290 Games design and Programming\shayLearyALL\CAMPUS TOUR\camera.cpp(211,20): warning C4244: 'argument': conversion from 'GLdouble' to 'const int', possible loss of data
E:\Murdoch\ICT290 Games design and Programming\shayLearyALL\CAMPUS TOUR\camera.cpp(211,13): warning C4244: 'argument': conversion from 'GLdouble' to 'const int', possible loss of data
E:\Murdoch\ICT290 Games design and Programming\shayLearyALL\CAMPUS TOUR\camera.cpp(242,21): warning C4244: 'argument': conversion from 'GLdouble' to 'const int', possible loss of data
E:\Murdoch\ICT290 Games design and Programming\shayLearyALL\CAMPUS TOUR\camera.cpp(242,14): warning C4244: 'argument': conversion from 'GLdouble' to 'const int', possible loss of data
E:\Murdoch\ICT290 Games design and Programming\shayLearyALL\CAMPUS TOUR\camera.cpp(252,20): warning C4244: 'argument': conversion from 'GLdouble' to 'const int', possible loss of data
E:\Murdoch\ICT290 Games design and Programming\shayLearyALL\CAMPUS TOUR\camera.cpp(252,13): warning C4244: 'argument': conversion from 'GLdouble' to 'const int', possible loss of data
  cameraMap.cpp
E:\Murdoch\ICT290 Games design and Programming\shayLearyALL\CAMPUS TOUR\cameraMap.cpp(29,18): warning C4244: 'argument': conversion from 'const int' to 'GLfloat', possible loss of data
E:\Murdoch\ICT290 Games design and Programming\shayLearyALL\CAMPUS TOUR\cameraMap.cpp(36,49): warning C4244: 'argument': conversion from 'double' to 'GLfloat', possible loss of data
E:\Murdoch\ICT290 Games design and Programming\shayLearyALL\CAMPUS TOUR\cameraMap.cpp(36,28): warning C4244: 'argument': conversion from 'double' to 'GLfloat', possible loss of data
E:\Murdoch\ICT290 Games design and Programming\shayLearyALL\CAMPUS TOUR\cameraMap.cpp(37,49): warning C4244: 'argument': conversion from 'double' to 'GLfloat', possible loss of data
E:\Murdoch\ICT290 Games design and Programming\shayLearyALL\CAMPUS TOUR\cameraMap.cpp(37,28): warning C4244: 'argument': conversion from 'double' to 'GLfloat', possible loss of data
E:\Murdoch\ICT290 Games design and Programming\shayLearyALL\CAMPUS TOUR\cameraMap.cpp(38,49): warning C4244: 'argument': conversion from 'double' to 'GLfloat', possible loss of data
E:\Murdoch\ICT290 Games design and Programming\shayLearyALL\CAMPUS TOUR\cameraMap.cpp(38,28): warning C4244: 'argument': conversion from 'double' to 'GLfloat', possible loss of data
E:\Murdoch\ICT290 Games design and Programming\shayLearyALL\CAMPUS TOUR\cameraMap.cpp(39,49): warning C4244: 'argument': conversion from 'double' to 'GLfloat', possible loss of data
E:\Murdoch\ICT290 Games design and Programming\shayLearyALL\CAMPUS TOUR\cameraMap.cpp(39,28): warning C4244: 'argument': conversion from 'double' to 'GLfloat', possible loss of data
E:\Murdoch\ICT290 Games design and Programming\shayLearyALL\CAMPUS TOUR\cameraMap.cpp(67,53): warning C4244: 'argument': conversion from 'double' to 'GLfloat', possible loss of data
E:\Murdoch\ICT290 Games design and Programming\shayLearyALL\CAMPUS TOUR\cameraMap.cpp(67,29): warning C4244: 'argument': conversion from 'double' to 'GLfloat', possible loss of data
E:\Murdoch\ICT290 Games design and Programming\shayLearyALL\CAMPUS TOUR\cameraMap.cpp(99,53): warning C4244: 'argument': conversion from 'double' to 'GLfloat', possible loss of data
E:\Murdoch\ICT290 Games design and Programming\shayLearyALL\CAMPUS TOUR\cameraMap.cpp(99,29): warning C4244: 'argument': conversion from 'double' to 'GLfloat', possible loss of data
  collision.cpp
  EasySound.cpp
E:\Murdoch\ICT290 Games design and Programming\shayLearyALL\CAMPUS TOUR\EasySound.cpp(80,15): warning C4018: '>': signed/unsigned mismatch
  main.cpp
E:\Murdoch\ICT290 Games design and Programming\shayLearyALL\CAMPUS TOUR\main.cpp(440,56): warning C4305: 'argument': truncation from 'double' to 'GLclampf'
E:\Murdoch\ICT290 Games design and Programming\shayLearyALL\CAMPUS TOUR\main.cpp(725,36): warning C4244: 'argument': conversion from 'double' to 'int', possible loss of data
E:\Murdoch\ICT290 Games design and Programming\shayLearyALL\CAMPUS TOUR\main.cpp(725,25): warning C4244: 'argument': conversion from 'double' to 'int', possible loss of data
E:\Murdoch\ICT290 Games design and Programming\shayLearyALL\CAMPUS TOUR\main.cpp(731,36): warning C4244: 'argument': conversion from 'double' to 'int', possible loss of data
E:\Murdoch\ICT290 Games design and Programming\shayLearyALL\CAMPUS TOUR\main.cpp(731,25): warning C4244: 'argument': conversion from 'double' to 'int', possible loss of data
E:\Murdoch\ICT290 Games design and Programming\shayLearyALL\CAMPUS TOUR\main.cpp(741,36): warning C4244: 'argument': conversion from 'double' to 'int', possible loss of data
E:\Murdoch\ICT290 Games design and Programming\shayLearyALL\CAMPUS TOUR\main.cpp(741,25): warning C4244: 'argument': conversion from 'double' to 'int', possible loss of data
E:\Murdoch\ICT290 Games design and Programming\shayLearyALL\CAMPUS TOUR\main.cpp(746,36): warning C4244: 'argument': conversion from 'double' to 'int', possible loss of data
E:\Murdoch\ICT290 Games design and Programming\shayLearyALL\CAMPUS TOUR\main.cpp(746,25): warning C4244: 'argument': conversion from 'double' to 'int', possible loss of data
E:\Murdoch\ICT290 Games design and Programming\shayLearyALL\CAMPUS TOUR\main.cpp(1645,27): warning C4244: 'argument': conversion from 'GLdouble' to 'GLfloat', possible loss of data
E:\Murdoch\ICT290 Games design and Programming\shayLearyALL\CAMPUS TOUR\main.cpp(1671,27): warning C4244: 'argument': conversion from 'GLdouble' to 'GLfloat', possible loss of data
E:\Murdoch\ICT290 Games design and Programming\shayLearyALL\CAMPUS TOUR\main.cpp(1688,26): warning C4244: 'argument': conversion from 'GLdouble' to 'GLfloat', possible loss of data
E:\Murdoch\ICT290 Games design and Programming\shayLearyALL\CAMPUS TOUR\main.cpp(1926,31): warning C4305: 'argument': truncation from 'double' to 'GLfloat'
E:\Murdoch\ICT290 Games design and Programming\shayLearyALL\CAMPUS TOUR\main.cpp(2014,17): warning C4244: 'argument': conversion from 'GLdouble' to 'GLfloat', possible loss of data
E:\Murdoch\ICT290 Games design and Programming\shayLearyALL\CAMPUS TOUR\main.cpp(2026,17): warning C4244: 'argument': conversion from 'GLdouble' to 'GLfloat', possible loss of data
E:\Murdoch\ICT290 Games design and Programming\shayLearyALL\CAMPUS TOUR\main.cpp(2092,48): warning C4305: 'argument': truncation from 'double' to 'GLfloat'
E:\Murdoch\ICT290 Games design and Programming\shayLearyALL\CAMPUS TOUR\main.cpp(2093,27): warning C4305: 'argument': truncation from 'double' to 'GLfloat'
E:\Murdoch\ICT290 Games design and Programming\shayLearyALL\CAMPUS TOUR\main.cpp(2094,45): warning C4305: 'argument': truncation from 'double' to 'GLfloat'
E:\Murdoch\ICT290 Games design and Programming\shayLearyALL\CAMPUS TOUR\main.cpp(2095,27): warning C4305: 'argument': truncation from 'double' to 'GLfloat'
E:\Murdoch\ICT290 Games design and Programming\shayLearyALL\CAMPUS TOUR\main.cpp(2096,46): warning C4305: 'argument': truncation from 'double' to 'GLfloat'
E:\Murdoch\ICT290 Games design and Programming\shayLearyALL\CAMPUS TOUR\main.cpp(2098,47): warning C4305: 'argument': truncation from 'double' to 'GLfloat'
E:\Murdoch\ICT290 Games design and Programming\shayLearyALL\CAMPUS TOUR\main.cpp(2105,48): warning C4305: 'argument': truncation from 'double' to 'GLfloat'
E:\Murdoch\ICT290 Games design and Programming\shayLearyALL\CAMPUS TOUR\main.cpp(2106,27): warning C4305: 'argument': truncation from 'double' to 'GLfloat'
E:\Murdoch\ICT290 Games design and Programming\shayLearyALL\CAMPUS TOUR\main.cpp(2107,45): warning C4305: 'argument': truncation from 'double' to 'GLfloat'
E:\Murdoch\ICT290 Games design and Programming\shayLearyALL\CAMPUS TOUR\main.cpp(2108,28): warning C4305: 'argument': truncation from 'double' to 'GLfloat'
E:\Murdoch\ICT290 Games design and Programming\shayLearyALL\CAMPUS TOUR\main.cpp(2109,51): warning C4305: 'argument': truncation from 'double' to 'GLfloat'
E:\Murdoch\ICT290 Games design and Programming\shayLearyALL\CAMPUS TOUR\main.cpp(2111,52): warning C4305: 'argument': truncation from 'double' to 'GLfloat'
E:\Murdoch\ICT290 Games design and Programming\shayLearyALL\CAMPUS TOUR\main.cpp(2119,48): warning C4305: 'argument': truncation from 'double' to 'GLfloat'
E:\Murdoch\ICT290 Games design and Programming\shayLearyALL\CAMPUS TOUR\main.cpp(2120,27): warning C4305: 'argument': truncation from 'double' to 'GLfloat'
E:\Murdoch\ICT290 Games design and Programming\shayLearyALL\CAMPUS TOUR\main.cpp(2121,45): warning C4305: 'argument': truncation from 'double' to 'GLfloat'
E:\Murdoch\ICT290 Games design and Programming\shayLearyALL\CAMPUS TOUR\main.cpp(2122,28): warning C4305: 'argument': truncation from 'double' to 'GLfloat'
E:\Murdoch\ICT290 Games design and Programming\shayLearyALL\CAMPUS TOUR\main.cpp(2123,51): warning C4305: 'argument': truncation from 'double' to 'GLfloat'
E:\Murdoch\ICT290 Games design and Programming\shayLearyALL\CAMPUS TOUR\main.cpp(2125,52): warning C4305: 'argument': truncation from 'double' to 'GLfloat'
E:\Murdoch\ICT290 Games design and Programming\shayLearyALL\CAMPUS TOUR\main.cpp(2191,27): warning C4244: 'argument': conversion from 'GLdouble' to 'GLfloat', possible loss of data
E:\Murdoch\ICT290 Games design and Programming\shayLearyALL\CAMPUS TOUR\main.cpp(2195,32): warning C4244: 'argument': conversion from 'GLdouble' to 'GLfloat', possible loss of data
E:\Murdoch\ICT290 Games design and Programming\shayLearyALL\CAMPUS TOUR\main.cpp(2275,34): warning C4244: 'argument': conversion from 'GLdouble' to 'GLfloat', possible loss of data
E:\Murdoch\ICT290 Games design and Programming\shayLearyALL\CAMPUS TOUR\main.cpp(2275,17): warning C4244: 'argument': conversion from 'GLdouble' to 'GLfloat', possible loss of data
E:\Murdoch\ICT290 Games design and Programming\shayLearyALL\CAMPUS TOUR\main.cpp(2280,29): warning C4244: 'argument': conversion from 'GLdouble' to 'GLfloat', possible loss of data
E:\Murdoch\ICT290 Games design and Programming\shayLearyALL\CAMPUS TOUR\main.cpp(2284,34): warning C4244: 'argument': conversion from 'GLdouble' to 'GLfloat', possible loss of data
E:\Murdoch\ICT290 Games design and Programming\shayLearyALL\CAMPUS TOUR\main.cpp(2290,33): warning C4244: 'argument': conversion from 'GLdouble' to 'GLfloat', possible loss of data
E:\Murdoch\ICT290 Games design and Programming\shayLearyALL\CAMPUS TOUR\main.cpp(2294,38): warning C4244: 'argument': conversion from 'GLdouble' to 'GLfloat', possible loss of data
E:\Murdoch\ICT290 Games design and Programming\shayLearyALL\CAMPUS TOUR\main.cpp(2301,29): warning C4244: 'argument': conversion from 'GLdouble' to 'GLfloat', possible loss of data
E:\Murdoch\ICT290 Games design and Programming\shayLearyALL\CAMPUS TOUR\main.cpp(2305,31): warning C4244: 'argument': conversion from 'GLdouble' to 'GLfloat', possible loss of data
E:\Murdoch\ICT290 Games design and Programming\shayLearyALL\CAMPUS TOUR\main.cpp(2311,33): warning C4244: 'argument': conversion from 'GLdouble' to 'GLfloat', possible loss of data
E:\Murdoch\ICT290 Games design and Programming\shayLearyALL\CAMPUS TOUR\main.cpp(2328,17): warning C4244: 'argument': conversion from 'GLdouble' to 'GLfloat', possible loss of data
E:\Murdoch\ICT290 Games design and Programming\shayLearyALL\CAMPUS TOUR\main.cpp(2332,17): warning C4244: 'argument': conversion from 'GLdouble' to 'GLfloat', possible loss of data
E:\Murdoch\ICT290 Games design and Programming\shayLearyALL\CAMPUS TOUR\main.cpp(2338,17): warning C4244: 'argument': conversion from 'GLdouble' to 'GLfloat', possible loss of data
E:\Murdoch\ICT290 Games design and Programming\shayLearyALL\CAMPUS TOUR\main.cpp(2342,22): warning C4244: 'argument': conversion from 'GLdouble' to 'GLfloat', possible loss of data
E:\Murdoch\ICT290 Games design and Programming\shayLearyALL\CAMPUS TOUR\main.cpp(2381,27): warning C4244: 'argument': conversion from 'GLdouble' to 'GLfloat', possible loss of data
E:\Murdoch\ICT290 Games design and Programming\shayLearyALL\CAMPUS TOUR\main.cpp(2388,32): warning C4244: 'argument': conversion from 'GLdouble' to 'GLfloat', possible loss of data
E:\Murdoch\ICT290 Games design and Programming\shayLearyALL\CAMPUS TOUR\main.cpp(2399,31): warning C4244: 'argument': conversion from 'GLdouble' to 'GLfloat', possible loss of data
E:\Murdoch\ICT290 Games design and Programming\shayLearyALL\CAMPUS TOUR\main.cpp(2406,36): warning C4244: 'argument': conversion from 'GLdouble' to 'GLfloat', possible loss of data
E:\Murdoch\ICT290 Games design and Programming\shayLearyALL\CAMPUS TOUR\main.cpp(2429,30): warning C4244: 'argument': conversion from 'GLdouble' to 'GLfloat', possible loss of data
E:\Murdoch\ICT290 Games design and Programming\shayLearyALL\CAMPUS TOUR\main.cpp(2443,34): warning C4244: 'argument': conversion from 'GLdouble' to 'GLfloat', possible loss of data
E:\Murdoch\ICT290 Games design and Programming\shayLearyALL\CAMPUS TOUR\main.cpp(2443,22): warning C4244: 'argument': conversion from 'GLdouble' to 'GLfloat', possible loss of data
E:\Murdoch\ICT290 Games design and Programming\shayLearyALL\CAMPUS TOUR\main.cpp(2463,27): warning C4244: 'argument': conversion from 'GLdouble' to 'GLfloat', possible loss of data
E:\Murdoch\ICT290 Games design and Programming\shayLearyALL\CAMPUS TOUR\main.cpp(2501,27): warning C4305: 'argument': truncation from 'double' to 'GLfloat'
E:\Murdoch\ICT290 Games design and Programming\shayLearyALL\CAMPUS TOUR\main.cpp(2502,59): warning C4305: 'argument': truncation from 'double' to 'GLfloat'
E:\Murdoch\ICT290 Games design and Programming\shayLearyALL\CAMPUS TOUR\main.cpp(2503,27): warning C4305: 'argument': truncation from 'double' to 'GLfloat'
E:\Murdoch\ICT290 Games design and Programming\shayLearyALL\CAMPUS TOUR\main.cpp(2504,59): warning C4305: 'argument': truncation from 'double' to 'GLfloat'
E:\Murdoch\ICT290 Games design and Programming\shayLearyALL\CAMPUS TOUR\main.cpp(2553,22): warning C4244: 'argument': conversion from 'GLdouble' to 'GLfloat', possible loss of data
E:\Murdoch\ICT290 Games design and Programming\shayLearyALL\CAMPUS TOUR\main.cpp(2561,20): warning C4244: 'argument': conversion from 'GLdouble' to 'GLfloat', possible loss of data
E:\Murdoch\ICT290 Games design and Programming\shayLearyALL\CAMPUS TOUR\main.cpp(2568,25): warning C4244: 'argument': conversion from 'GLdouble' to 'GLfloat', possible loss of data
E:\Murdoch\ICT290 Games design and Programming\shayLearyALL\CAMPUS TOUR\main.cpp(2581,22): warning C4244: 'argument': conversion from 'GLdouble' to 'GLfloat', possible loss of data
E:\Murdoch\ICT290 Games design and Programming\shayLearyALL\CAMPUS TOUR\main.cpp(2589,20): warning C4244: 'argument': conversion from 'GLdouble' to 'GLfloat', possible loss of data
E:\Murdoch\ICT290 Games design and Programming\shayLearyALL\CAMPUS TOUR\main.cpp(2655,28): warning C4305: 'argument': truncation from 'double' to 'GLfloat'
E:\Murdoch\ICT290 Games design and Programming\shayLearyALL\CAMPUS TOUR\main.cpp(2656,60): warning C4305: 'argument': truncation from 'double' to 'GLfloat'
E:\Murdoch\ICT290 Games design and Programming\shayLearyALL\CAMPUS TOUR\main.cpp(2657,28): warning C4305: 'argument': truncation from 'double' to 'GLfloat'
E:\Murdoch\ICT290 Games design and Programming\shayLearyALL\CAMPUS TOUR\main.cpp(2658,60): warning C4305: 'argument': truncation from 'double' to 'GLfloat'
E:\Murdoch\ICT290 Games design and Programming\shayLearyALL\CAMPUS TOUR\main.cpp(2667,28): warning C4305: 'argument': truncation from 'double' to 'GLfloat'
E:\Murdoch\ICT290 Games design and Programming\shayLearyALL\CAMPUS TOUR\main.cpp(2668,60): warning C4305: 'argument': truncation from 'double' to 'GLfloat'
E:\Murdoch\ICT290 Games design and Programming\shayLearyALL\CAMPUS TOUR\main.cpp(2669,28): warning C4305: 'argument': truncation from 'double' to 'GLfloat'
E:\Murdoch\ICT290 Games design and Programming\shayLearyALL\CAMPUS TOUR\main.cpp(2670,60): warning C4305: 'argument': truncation from 'double' to 'GLfloat'
E:\Murdoch\ICT290 Games design and Programming\shayLearyALL\CAMPUS TOUR\main.cpp(2959,27): warning C4244: 'argument': conversion from 'GLdouble' to 'GLfloat', possible loss of data
E:\Murdoch\ICT290 Games design and Programming\shayLearyALL\CAMPUS TOUR\main.cpp(3160,27): warning C4244: 'argument': conversion from 'GLdouble' to 'GLfloat', possible loss of data
E:\Murdoch\ICT290 Games design and Programming\shayLearyALL\CAMPUS TOUR\main.cpp(3175,27): warning C4244: 'argument': conversion from 'GLdouble' to 'GLfloat', possible loss of data
E:\Murdoch\ICT290 Games design and Programming\shayLearyALL\CAMPUS TOUR\main.cpp(3191,27): warning C4244: 'argument': conversion from 'GLdouble' to 'GLfloat', possible loss of data
E:\Murdoch\ICT290 Games design and Programming\shayLearyALL\CAMPUS TOUR\main.cpp(3211,17): warning C4244: 'argument': conversion from 'GLdouble' to 'GLfloat', possible loss of data
E:\Murdoch\ICT290 Games design and Programming\shayLearyALL\CAMPUS TOUR\main.cpp(3234,27): warning C4244: 'argument': conversion from 'GLdouble' to 'GLfloat', possible loss of data
E:\Murdoch\ICT290 Games design and Programming\shayLearyALL\CAMPUS TOUR\main.cpp(3238,32): warning C4244: 'argument': conversion from 'GLdouble' to 'GLfloat', possible loss of data
E:\Murdoch\ICT290 Games design and Programming\shayLearyALL\CAMPUS TOUR\main.cpp(3257,27): warning C4244: 'argument': conversion from 'GLdouble' to 'GLfloat', possible loss of data
E:\Murdoch\ICT290 Games design and Programming\shayLearyALL\CAMPUS TOUR\main.cpp(3261,32): warning C4244: 'argument': conversion from 'GLdouble' to 'GLfloat', possible loss of data
E:\Murdoch\ICT290 Games design and Programming\shayLearyALL\CAMPUS TOUR\main.cpp(3281,27): warning C4244: 'argument': conversion from 'GLdouble' to 'GLfloat', possible loss of data
E:\Murdoch\ICT290 Games design and Programming\shayLearyALL\CAMPUS TOUR\main.cpp(3285,32): warning C4244: 'argument': conversion from 'GLdouble' to 'GLfloat', possible loss of data
E:\Murdoch\ICT290 Games design and Programming\shayLearyALL\CAMPUS TOUR\main.cpp(3305,17): warning C4244: 'argument': conversion from 'GLdouble' to 'GLfloat', possible loss of data
E:\Murdoch\ICT290 Games design and Programming\shayLearyALL\CAMPUS TOUR\main.cpp(3309,22): warning C4244: 'argument': conversion from 'GLdouble' to 'GLfloat', possible loss of data
E:\Murdoch\ICT290 Games design and Programming\shayLearyALL\CAMPUS TOUR\main.cpp(3370,27): warning C4305: 'argument': truncation from 'double' to 'GLfloat'
E:\Murdoch\ICT290 Games design and Programming\shayLearyALL\CAMPUS TOUR\main.cpp(3371,57): warning C4305: 'argument': truncation from 'double' to 'GLfloat'
E:\Murdoch\ICT290 Games design and Programming\shayLearyALL\CAMPUS TOUR\main.cpp(3372,27): warning C4305: 'argument': truncation from 'double' to 'GLfloat'
E:\Murdoch\ICT290 Games design and Programming\shayLearyALL\CAMPUS TOUR\main.cpp(3373,58): warning C4305: 'argument': truncation from 'double' to 'GLfloat'
E:\Murdoch\ICT290 Games design and Programming\shayLearyALL\CAMPUS TOUR\main.cpp(3375,40): warning C4305: 'argument': truncation from 'double' to 'GLfloat'
E:\Murdoch\ICT290 Games design and Programming\shayLearyALL\CAMPUS TOUR\main.cpp(3382,39): warning C4305: 'argument': truncation from 'double' to 'GLfloat'
E:\Murdoch\ICT290 Games design and Programming\shayLearyALL\CAMPUS TOUR\main.cpp(3383,27): warning C4305: 'argument': truncation from 'double' to 'GLfloat'
E:\Murdoch\ICT290 Games design and Programming\shayLearyALL\CAMPUS TOUR\main.cpp(3384,57): warning C4305: 'argument': truncation from 'double' to 'GLfloat'
E:\Murdoch\ICT290 Games design and Programming\shayLearyALL\CAMPUS TOUR\main.cpp(3385,27): warning C4305: 'argument': truncation from 'double' to 'GLfloat'
E:\Murdoch\ICT290 Games design and Programming\shayLearyALL\CAMPUS TOUR\main.cpp(3386,56): warning C4305: 'argument': truncation from 'double' to 'GLfloat'
E:\Murdoch\ICT290 Games design and Programming\shayLearyALL\CAMPUS TOUR\main.cpp(3395,39): warning C4305: 'argument': truncation from 'double' to 'GLfloat'
E:\Murdoch\ICT290 Games design and Programming\shayLearyALL\CAMPUS TOUR\main.cpp(3397,59): warning C4305: 'argument': truncation from 'double' to 'GLfloat'
E:\Murdoch\ICT290 Games design and Programming\shayLearyALL\CAMPUS TOUR\main.cpp(3398,30): warning C4305: 'argument': truncation from 'double' to 'GLfloat'
E:\Murdoch\ICT290 Games design and Programming\shayLearyALL\CAMPUS TOUR\main.cpp(3399,59): warning C4305: 'argument': truncation from 'double' to 'GLfloat'
E:\Murdoch\ICT290 Games design and Programming\shayLearyALL\CAMPUS TOUR\main.cpp(3400,30): warning C4305: 'argument': truncation from 'double' to 'GLfloat'
E:\Murdoch\ICT290 Games design and Programming\shayLearyALL\CAMPUS TOUR\main.cpp(3401,40): warning C4305: 'argument': truncation from 'double' to 'GLfloat'
E:\Murdoch\ICT290 Games design and Programming\shayLearyALL\CAMPUS TOUR\main.cpp(3409,27): warning C4305: 'argument': truncation from 'double' to 'GLfloat'
E:\Murdoch\ICT290 Games design and Programming\shayLearyALL\CAMPUS TOUR\main.cpp(3410,57): warning C4305: 'argument': truncation from 'double' to 'GLfloat'
E:\Murdoch\ICT290 Games design and Programming\shayLearyALL\CAMPUS TOUR\main.cpp(3411,29): warning C4305: 'argument': truncation from 'double' to 'GLfloat'
E:\Murdoch\ICT290 Games design and Programming\shayLearyALL\CAMPUS TOUR\main.cpp(3412,58): warning C4305: 'argument': truncation from 'double' to 'GLfloat'
E:\Murdoch\ICT290 Games design and Programming\shayLearyALL\CAMPUS TOUR\main.cpp(3413,27): warning C4305: 'argument': truncation from 'double' to 'GLfloat'
E:\Murdoch\ICT290 Games design and Programming\shayLearyALL\CAMPUS TOUR\main.cpp(3414,40): warning C4305: 'argument': truncation from 'double' to 'GLfloat'
E:\Murdoch\ICT290 Games design and Programming\shayLearyALL\CAMPUS TOUR\main.cpp(3424,27): warning C4305: 'argument': truncation from 'double' to 'GLfloat'
E:\Murdoch\ICT290 Games design and Programming\shayLearyALL\CAMPUS TOUR\main.cpp(3425,41): warning C4305: 'argument': truncation from 'double' to 'GLfloat'
E:\Murdoch\ICT290 Games design and Programming\shayLearyALL\CAMPUS TOUR\main.cpp(3426,27): warning C4305: 'argument': truncation from 'double' to 'GLfloat'
E:\Murdoch\ICT290 Games design and Programming\shayLearyALL\CAMPUS TOUR\main.cpp(3427,41): warning C4305: 'argument': truncation from 'double' to 'GLfloat'
E:\Murdoch\ICT290 Games design and Programming\shayLearyALL\CAMPUS TOUR\main.cpp(3437,27): warning C4305: 'argument': truncation from 'double' to 'GLfloat'
E:\Murdoch\ICT290 Games design and Programming\shayLearyALL\CAMPUS TOUR\main.cpp(3438,48): warning C4305: 'argument': truncation from 'double' to 'GLfloat'
E:\Murdoch\ICT290 Games design and Programming\shayLearyALL\CAMPUS TOUR\main.cpp(3439,27): warning C4305: 'argument': truncation from 'double' to 'GLfloat'
E:\Murdoch\ICT290 Games design and Programming\shayLearyALL\CAMPUS TOUR\main.cpp(3440,41): warning C4305: 'argument': truncation from 'double' to 'GLfloat'
E:\Murdoch\ICT290 Games design and Programming\shayLearyALL\CAMPUS TOUR\main.cpp(3448,27): warning C4305: 'argument': truncation from 'double' to 'GLfloat'
E:\Murdoch\ICT290 Games design and Programming\shayLearyALL\CAMPUS TOUR\main.cpp(3449,58): warning C4305: 'argument': truncation from 'double' to 'GLfloat'
E:\Murdoch\ICT290 Games design and Programming\shayLearyALL\CAMPUS TOUR\main.cpp(3450,29): warning C4305: 'argument': truncation from 'double' to 'GLfloat'
E:\Murdoch\ICT290 Games design and Programming\shayLearyALL\CAMPUS TOUR\main.cpp(3451,59): warning C4305: 'argument': truncation from 'double' to 'GLfloat'
E:\Murdoch\ICT290 Games design and Programming\shayLearyALL\CAMPUS TOUR\main.cpp(3452,27): warning C4305: 'argument': truncation from 'double' to 'GLfloat'
E:\Murdoch\ICT290 Games design and Programming\shayLearyALL\CAMPUS TOUR\main.cpp(3453,41): warning C4305: 'argument': truncation from 'double' to 'GLfloat'
E:\Murdoch\ICT290 Games design and Programming\shayLearyALL\CAMPUS TOUR\main.cpp(3463,27): warning C4305: 'argument': truncation from 'double' to 'GLfloat'
E:\Murdoch\ICT290 Games design and Programming\shayLearyALL\CAMPUS TOUR\main.cpp(3464,48): warning C4305: 'argument': truncation from 'double' to 'GLfloat'
E:\Murdoch\ICT290 Games design and Programming\shayLearyALL\CAMPUS TOUR\main.cpp(3465,27): warning C4305: 'argument': truncation from 'double' to 'GLfloat'
E:\Murdoch\ICT290 Games design and Programming\shayLearyALL\CAMPUS TOUR\main.cpp(3466,41): warning C4305: 'argument': truncation from 'double' to 'GLfloat'
E:\Murdoch\ICT290 Games design and Programming\shayLearyALL\CAMPUS TOUR\main.cpp(3476,27): warning C4305: 'argument': truncation from 'double' to 'GLfloat'
E:\Murdoch\ICT290 Games design and Programming\shayLearyALL\CAMPUS TOUR\main.cpp(3477,48): warning C4305: 'argument': truncation from 'double' to 'GLfloat'
E:\Murdoch\ICT290 Games design and Programming\shayLearyALL\CAMPUS TOUR\main.cpp(3478,27): warning C4305: 'argument': truncation from 'double' to 'GLfloat'
E:\Murdoch\ICT290 Games design and Programming\shayLearyALL\CAMPUS TOUR\main.cpp(3479,41): warning C4305: 'argument': truncation from 'double' to 'GLfloat'
E:\Murdoch\ICT290 Games design and Programming\shayLearyALL\CAMPUS TOUR\main.cpp(3486,41): warning C4305: 'argument': truncation from 'double' to 'GLfloat'
E:\Murdoch\ICT290 Games design and Programming\shayLearyALL\CAMPUS TOUR\main.cpp(3487,26): warning C4305: 'argument': truncation from 'double' to 'GLfloat'
E:\Murdoch\ICT290 Games design and Programming\shayLearyALL\CAMPUS TOUR\main.cpp(3488,58): warning C4305: 'argument': truncation from 'double' to 'GLfloat'
E:\Murdoch\ICT290 Games design and Programming\shayLearyALL\CAMPUS TOUR\main.cpp(3489,28): warning C4305: 'argument': truncation from 'double' to 'GLfloat'
E:\Murdoch\ICT290 Games design and Programming\shayLearyALL\CAMPUS TOUR\main.cpp(3490,58): warning C4305: 'argument': truncation from 'double' to 'GLfloat'
E:\Murdoch\ICT290 Games design and Programming\shayLearyALL\CAMPUS TOUR\main.cpp(3491,27): warning C4305: 'argument': truncation from 'double' to 'GLfloat'
E:\Murdoch\ICT290 Games design and Programming\shayLearyALL\CAMPUS TOUR\main.cpp(3492,41): warning C4305: 'argument': truncation from 'double' to 'GLfloat'
E:\Murdoch\ICT290 Games design and Programming\shayLearyALL\CAMPUS TOUR\main.cpp(3499,41): warning C4305: 'argument': truncation from 'double' to 'GLfloat'
E:\Murdoch\ICT290 Games design and Programming\shayLearyALL\CAMPUS TOUR\main.cpp(3501,48): warning C4305: 'argument': truncation from 'double' to 'GLfloat'
E:\Murdoch\ICT290 Games design and Programming\shayLearyALL\CAMPUS TOUR\main.cpp(3502,27): warning C4305: 'argument': truncation from 'double' to 'GLfloat'
E:\Murdoch\ICT290 Games design and Programming\shayLearyALL\CAMPUS TOUR\main.cpp(3503,48): warning C4305: 'argument': truncation from 'double' to 'GLfloat'
E:\Murdoch\ICT290 Games design and Programming\shayLearyALL\CAMPUS TOUR\main.cpp(3504,27): warning C4305: 'argument': truncation from 'double' to 'GLfloat'
E:\Murdoch\ICT290 Games design and Programming\shayLearyALL\CAMPUS TOUR\main.cpp(3505,41): warning C4305: 'argument': truncation from 'double' to 'GLfloat'
E:\Murdoch\ICT290 Games design and Programming\shayLearyALL\CAMPUS TOUR\main.cpp(3512,41): warning C4305: 'argument': truncation from 'double' to 'GLfloat'
E:\Murdoch\ICT290 Games design and Programming\shayLearyALL\CAMPUS TOUR\main.cpp(3514,48): warning C4305: 'argument': truncation from 'double' to 'GLfloat'
E:\Murdoch\ICT290 Games design and Programming\shayLearyALL\CAMPUS TOUR\main.cpp(3515,27): warning C4305: 'argument': truncation from 'double' to 'GLfloat'
E:\Murdoch\ICT290 Games design and Programming\shayLearyALL\CAMPUS TOUR\main.cpp(3516,48): warning C4305: 'argument': truncation from 'double' to 'GLfloat'
E:\Murdoch\ICT290 Games design and Programming\shayLearyALL\CAMPUS TOUR\main.cpp(3517,27): warning C4305: 'argument': truncation from 'double' to 'GLfloat'
E:\Murdoch\ICT290 Games design and Programming\shayLearyALL\CAMPUS TOUR\main.cpp(3518,41): warning C4305: 'argument': truncation from 'double' to 'GLfloat'
E:\Murdoch\ICT290 Games design and Programming\shayLearyALL\CAMPUS TOUR\main.cpp(3526,28): warning C4305: 'argument': truncation from 'double' to 'GLfloat'
E:\Murdoch\ICT290 Games design and Programming\shayLearyALL\CAMPUS TOUR\main.cpp(3527,67): warning C4305: 'argument': truncation from 'double' to 'GLfloat'
E:\Murdoch\ICT290 Games design and Programming\shayLearyALL\CAMPUS TOUR\main.cpp(3528,29): warning C4305: 'argument': truncation from 'double' to 'GLfloat'
E:\Murdoch\ICT290 Games design and Programming\shayLearyALL\CAMPUS TOUR\main.cpp(3529,67): warning C4305: 'argument': truncation from 'double' to 'GLfloat'
E:\Murdoch\ICT290 Games design and Programming\shayLearyALL\CAMPUS TOUR\main.cpp(3530,29): warning C4305: 'argument': truncation from 'double' to 'GLfloat'
E:\Murdoch\ICT290 Games design and Programming\shayLearyALL\CAMPUS TOUR\main.cpp(3541,27): warning C4305: 'argument': truncation from 'double' to 'GLfloat'
E:\Murdoch\ICT290 Games design and Programming\shayLearyALL\CAMPUS TOUR\main.cpp(3543,27): warning C4305: 'argument': truncation from 'double' to 'GLfloat'
E:\Murdoch\ICT290 Games design and Programming\shayLearyALL\CAMPUS TOUR\main.cpp(3554,27): warning C4305: 'argument': truncation from 'double' to 'GLfloat'
E:\Murdoch\ICT290 Games design and Programming\shayLearyALL\CAMPUS TOUR\main.cpp(3556,27): warning C4305: 'argument': truncation from 'double' to 'GLfloat'
E:\Murdoch\ICT290 Games design and Programming\shayLearyALL\CAMPUS TOUR\main.cpp(3600,23): warning C4244: 'argument': conversion from 'GLdouble' to 'GLfloat', possible loss of data
E:\Murdoch\ICT290 Games design and Programming\shayLearyALL\CAMPUS TOUR\main.cpp(3600,18): warning C4244: 'argument': conversion from 'GLdouble' to 'GLfloat', possible loss of data
E:\Murdoch\ICT290 Games design and Programming\shayLearyALL\CAMPUS TOUR\main.cpp(3600,15): warning C4244: 'argument': conversion from 'GLdouble' to 'GLfloat', possible loss of data
E:\Murdoch\ICT290 Games design and Programming\shayLearyALL\CAMPUS TOUR\main.cpp(3602,21): warning C4244: 'argument': conversion from 'GLdouble' to 'GLfloat', possible loss of data
E:\Murdoch\ICT290 Games design and Programming\shayLearyALL\CAMPUS TOUR\main.cpp(3602,18): warning C4244: 'argument': conversion from 'GLdouble' to 'GLfloat', possible loss of data
E:\Murdoch\ICT290 Games design and Programming\shayLearyALL\CAMPUS TOUR\main.cpp(3602,15): warning C4244: 'argument': conversion from 'GLdouble' to 'GLfloat', possible loss of data
E:\Murdoch\ICT290 Games design and Programming\shayLearyALL\CAMPUS TOUR\main.cpp(3603,17): warning C4244: 'argument': conversion from 'GLdouble' to 'GLfloat', possible loss of data
E:\Murdoch\ICT290 Games design and Programming\shayLearyALL\CAMPUS TOUR\main.cpp(3604,34): warning C4244: 'argument': conversion from 'GLdouble' to 'GLfloat', possible loss of data
E:\Murdoch\ICT290 Games design and Programming\shayLearyALL\CAMPUS TOUR\main.cpp(3604,35): warning C4305: 'argument': truncation from 'double' to 'GLfloat'
E:\Murdoch\ICT290 Games design and Programming\shayLearyALL\CAMPUS TOUR\main.cpp(3605,17): warning C4244: 'argument': conversion from 'GLdouble' to 'GLfloat', possible loss of data
E:\Murdoch\ICT290 Games design and Programming\shayLearyALL\CAMPUS TOUR\main.cpp(3606,36): warning C4244: 'argument': conversion from 'GLdouble' to 'GLfloat', possible loss of data
E:\Murdoch\ICT290 Games design and Programming\shayLearyALL\CAMPUS TOUR\main.cpp(3606,42): warning C4305: 'argument': truncation from 'double' to 'GLfloat'
E:\Murdoch\ICT290 Games design and Programming\shayLearyALL\CAMPUS TOUR\main.cpp(3612,21): warning C4244: 'argument': conversion from 'GLdouble' to 'GLfloat', possible loss of data
E:\Murdoch\ICT290 Games design and Programming\shayLearyALL\CAMPUS TOUR\main.cpp(3612,18): warning C4244: 'argument': conversion from 'GLdouble' to 'GLfloat', possible loss of data
E:\Murdoch\ICT290 Games design and Programming\shayLearyALL\CAMPUS TOUR\main.cpp(3612,15): warning C4244: 'argument': conversion from 'GLdouble' to 'GLfloat', possible loss of data
E:\Murdoch\ICT290 Games design and Programming\shayLearyALL\CAMPUS TOUR\main.cpp(3614,28): warning C4244: 'argument': conversion from 'GLdouble' to 'GLfloat', possible loss of data
E:\Murdoch\ICT290 Games design and Programming\shayLearyALL\CAMPUS TOUR\main.cpp(3614,20): warning C4244: 'argument': conversion from 'GLdouble' to 'GLfloat', possible loss of data
E:\Murdoch\ICT290 Games design and Programming\shayLearyALL\CAMPUS TOUR\main.cpp(3614,15): warning C4244: 'argument': conversion from 'GLdouble' to 'GLfloat', possible loss of data
E:\Murdoch\ICT290 Games design and Programming\shayLearyALL\CAMPUS TOUR\main.cpp(3615,17): warning C4244: 'argument': conversion from 'GLdouble' to 'GLfloat', possible loss of data
E:\Murdoch\ICT290 Games design and Programming\shayLearyALL\CAMPUS TOUR\main.cpp(3616,41): warning C4244: 'argument': conversion from 'GLdouble' to 'GLfloat', possible loss of data
E:\Murdoch\ICT290 Games design and Programming\shayLearyALL\CAMPUS TOUR\main.cpp(3616,42): warning C4305: 'argument': truncation from 'double' to 'GLfloat'
E:\Murdoch\ICT290 Games design and Programming\shayLearyALL\CAMPUS TOUR\main.cpp(3617,17): warning C4244: 'argument': conversion from 'GLdouble' to 'GLfloat', possible loss of data
E:\Murdoch\ICT290 Games design and Programming\shayLearyALL\CAMPUS TOUR\main.cpp(3618,34): warning C4244: 'argument': conversion from 'GLdouble' to 'GLfloat', possible loss of data
E:\Murdoch\ICT290 Games design and Programming\shayLearyALL\CAMPUS TOUR\main.cpp(3618,35): warning C4305: 'argument': truncation from 'double' to 'GLfloat'
E:\Murdoch\ICT290 Games design and Programming\shayLearyALL\CAMPUS TOUR\main.cpp(3628,21): warning C4244: 'argument': conversion from 'GLdouble' to 'GLfloat', possible loss of data
E:\Murdoch\ICT290 Games design and Programming\shayLearyALL\CAMPUS TOUR\main.cpp(3628,18): warning C4244: 'argument': conversion from 'GLdouble' to 'GLfloat', possible loss of data
E:\Murdoch\ICT290 Games design and Programming\shayLearyALL\CAMPUS TOUR\main.cpp(3628,15): warning C4244: 'argument': conversion from 'GLdouble' to 'GLfloat', possible loss of data
E:\Murdoch\ICT290 Games design and Programming\shayLearyALL\CAMPUS TOUR\main.cpp(3630,28): warning C4244: 'argument': conversion from 'GLdouble' to 'GLfloat', possible loss of data
E:\Murdoch\ICT290 Games design and Programming\shayLearyALL\CAMPUS TOUR\main.cpp(3630,25): warning C4244: 'argument': conversion from 'GLdouble' to 'GLfloat', possible loss of data
E:\Murdoch\ICT290 Games design and Programming\shayLearyALL\CAMPUS TOUR\main.cpp(3630,17): warning C4244: 'argument': conversion from 'GLdouble' to 'GLfloat', possible loss of data
E:\Murdoch\ICT290 Games design and Programming\shayLearyALL\CAMPUS TOUR\main.cpp(3631,22): warning C4244: 'argument': conversion from 'GLdouble' to 'GLfloat', possible loss of data
E:\Murdoch\ICT290 Games design and Programming\shayLearyALL\CAMPUS TOUR\main.cpp(3632,17): warning C4244: 'argument': conversion from 'GLdouble' to 'GLfloat', possible loss of data
E:\Murdoch\ICT290 Games design and Programming\shayLearyALL\CAMPUS TOUR\main.cpp(3633,22): warning C4244: 'argument': conversion from 'GLdouble' to 'GLfloat', possible loss of data
E:\Murdoch\ICT290 Games design and Programming\shayLearyALL\CAMPUS TOUR\main.cpp(3634,15): warning C4244: 'argument': conversion from 'GLdouble' to 'GLfloat', possible loss of data
E:\Murdoch\ICT290 Games design and Programming\shayLearyALL\CAMPUS TOUR\main.cpp(3640,21): warning C4244: 'argument': conversion from 'GLdouble' to 'GLfloat', possible loss of data
E:\Murdoch\ICT290 Games design and Programming\shayLearyALL\CAMPUS TOUR\main.cpp(3640,18): warning C4244: 'argument': conversion from 'GLdouble' to 'GLfloat', possible loss of data
E:\Murdoch\ICT290 Games design and Programming\shayLearyALL\CAMPUS TOUR\main.cpp(3640,15): warning C4244: 'argument': conversion from 'GLdouble' to 'GLfloat', possible loss of data
E:\Murdoch\ICT290 Games design and Programming\shayLearyALL\CAMPUS TOUR\main.cpp(3642,28): warning C4244: 'argument': conversion from 'GLdouble' to 'GLfloat', possible loss of data
E:\Murdoch\ICT290 Games design and Programming\shayLearyALL\CAMPUS TOUR\main.cpp(3642,20): warning C4244: 'argument': conversion from 'GLdouble' to 'GLfloat', possible loss of data
E:\Murdoch\ICT290 Games design and Programming\shayLearyALL\CAMPUS TOUR\main.cpp(3642,15): warning C4244: 'argument': conversion from 'GLdouble' to 'GLfloat', possible loss of data
E:\Murdoch\ICT290 Games design and Programming\shayLearyALL\CAMPUS TOUR\main.cpp(3643,22): warning C4244: 'argument': conversion from 'GLdouble' to 'GLfloat', possible loss of data
E:\Murdoch\ICT290 Games design and Programming\shayLearyALL\CAMPUS TOUR\main.cpp(3644,15): warning C4244: 'argument': conversion from 'GLdouble' to 'GLfloat', possible loss of data
E:\Murdoch\ICT290 Games design and Programming\shayLearyALL\CAMPUS TOUR\main.cpp(3645,22): warning C4244: 'argument': conversion from 'GLdouble' to 'GLfloat', possible loss of data
E:\Murdoch\ICT290 Games design and Programming\shayLearyALL\CAMPUS TOUR\main.cpp(3646,15): warning C4244: 'argument': conversion from 'GLdouble' to 'GLfloat', possible loss of data
E:\Murdoch\ICT290 Games design and Programming\shayLearyALL\CAMPUS TOUR\main.cpp(3675,23): warning C4244: 'argument': conversion from 'GLdouble' to 'GLfloat', possible loss of data
E:\Murdoch\ICT290 Games design and Programming\shayLearyALL\CAMPUS TOUR\main.cpp(3675,17): warning C4244: 'argument': conversion from 'GLdouble' to 'GLfloat', possible loss of data
E:\Murdoch\ICT290 Games design and Programming\shayLearyALL\CAMPUS TOUR\main.cpp(3679,23): warning C4244: 'argument': conversion from 'GLdouble' to 'GLfloat', possible loss of data
E:\Murdoch\ICT290 Games design and Programming\shayLearyALL\CAMPUS TOUR\main.cpp(3679,17): warning C4244: 'argument': conversion from 'GLdouble' to 'GLfloat', possible loss of data
E:\Murdoch\ICT290 Games design and Programming\shayLearyALL\CAMPUS TOUR\main.cpp(3734,27): warning C4244: 'argument': conversion from 'GLdouble' to 'GLfloat', possible loss of data
E:\Murdoch\ICT290 Games design and Programming\shayLearyALL\CAMPUS TOUR\main.cpp(3761,29): warning C4244: 'argument': conversion from 'GLdouble' to 'GLfloat', possible loss of data
E:\Murdoch\ICT290 Games design and Programming\shayLearyALL\CAMPUS TOUR\main.cpp(3775,19): warning C4244: 'argument': conversion from 'GLdouble' to 'GLfloat', possible loss of data
E:\Murdoch\ICT290 Games design and Programming\shayLearyALL\CAMPUS TOUR\main.cpp(3803,29): warning C4244: 'argument': conversion from 'GLdouble' to 'GLfloat', possible loss of data
E:\Murdoch\ICT290 Games design and Programming\shayLearyALL\CAMPUS TOUR\main.cpp(3803,17): warning C4244: 'argument': conversion from 'GLdouble' to 'GLfloat', possible loss of data
E:\Murdoch\ICT290 Games design and Programming\shayLearyALL\CAMPUS TOUR\main.cpp(3830,19): warning C4244: 'argument': conversion from 'GLdouble' to 'GLfloat', possible loss of data
E:\Murdoch\ICT290 Games design and Programming\shayLearyALL\CAMPUS TOUR\main.cpp(3844,29): warning C4244: 'argument': conversion from 'GLdouble' to 'GLfloat', possible loss of data
E:\Murdoch\ICT290 Games design and Programming\shayLearyALL\CAMPUS TOUR\main.cpp(4003,32): warning C4305: 'argument': truncation from 'double' to 'GLfloat'
E:\Murdoch\ICT290 Games design and Programming\shayLearyALL\CAMPUS TOUR\main.cpp(4037,27): warning C4244: 'argument': conversion from 'GLdouble' to 'GLfloat', possible loss of data
E:\Murdoch\ICT290 Games design and Programming\shayLearyALL\CAMPUS TOUR\main.cpp(4068,17): warning C4244: 'argument': conversion from 'GLdouble' to 'GLfloat', possible loss of data
E:\Murdoch\ICT290 Games design and Programming\shayLearyALL\CAMPUS TOUR\main.cpp(4111,33): warning C4305: 'argument': truncation from 'double' to 'GLfloat'
E:\Murdoch\ICT290 Games design and Programming\shayLearyALL\CAMPUS TOUR\main.cpp(4116,33): warning C4305: 'argument': truncation from 'double' to 'GLfloat'
E:\Murdoch\ICT290 Games design and Programming\shayLearyALL\CAMPUS TOUR\main.cpp(4247,27): warning C4305: 'argument': truncation from 'double' to 'GLfloat'
E:\Murdoch\ICT290 Games design and Programming\shayLearyALL\CAMPUS TOUR\main.cpp(4249,28): warning C4305: 'argument': truncation from 'double' to 'GLfloat'
E:\Murdoch\ICT290 Games design and Programming\shayLearyALL\CAMPUS TOUR\main.cpp(4250,41): warning C4305: 'argument': truncation from 'double' to 'GLfloat'
E:\Murdoch\ICT290 Games design and Programming\shayLearyALL\CAMPUS TOUR\main.cpp(4251,28): warning C4305: 'argument': truncation from 'double' to 'GLfloat'
E:\Murdoch\ICT290 Games design and Programming\shayLearyALL\CAMPUS TOUR\main.cpp(4252,41): warning C4305: 'argument': truncation from 'double' to 'GLfloat'
E:\Murdoch\ICT290 Games design and Programming\shayLearyALL\CAMPUS TOUR\main.cpp(4259,27): warning C4305: 'argument': truncation from 'double' to 'GLfloat'
E:\Murdoch\ICT290 Games design and Programming\shayLearyALL\CAMPUS TOUR\main.cpp(4261,28): warning C4305: 'argument': truncation from 'double' to 'GLfloat'
E:\Murdoch\ICT290 Games design and Programming\shayLearyALL\CAMPUS TOUR\main.cpp(4262,41): warning C4305: 'argument': truncation from 'double' to 'GLfloat'
E:\Murdoch\ICT290 Games design and Programming\shayLearyALL\CAMPUS TOUR\main.cpp(4263,26): warning C4305: 'argument': truncation from 'double' to 'GLfloat'
E:\Murdoch\ICT290 Games design and Programming\shayLearyALL\CAMPUS TOUR\main.cpp(4264,41): warning C4305: 'argument': truncation from 'double' to 'GLfloat'
E:\Murdoch\ICT290 Games design and Programming\shayLearyALL\CAMPUS TOUR\main.cpp(4271,27): warning C4305: 'argument': truncation from 'double' to 'GLfloat'
E:\Murdoch\ICT290 Games design and Programming\shayLearyALL\CAMPUS TOUR\main.cpp(4273,28): warning C4305: 'argument': truncation from 'double' to 'GLfloat'
E:\Murdoch\ICT290 Games design and Programming\shayLearyALL\CAMPUS TOUR\main.cpp(4274,41): warning C4305: 'argument': truncation from 'double' to 'GLfloat'
E:\Murdoch\ICT290 Games design and Programming\shayLearyALL\CAMPUS TOUR\main.cpp(4275,26): warning C4305: 'argument': truncation from 'double' to 'GLfloat'
E:\Murdoch\ICT290 Games design and Programming\shayLearyALL\CAMPUS TOUR\main.cpp(4276,41): warning C4305: 'argument': truncation from 'double' to 'GLfloat'
E:\Murdoch\ICT290 Games design and Programming\shayLearyALL\CAMPUS TOUR\main.cpp(4283,27): warning C4305: 'argument': truncation from 'double' to 'GLfloat'
E:\Murdoch\ICT290 Games design and Programming\shayLearyALL\CAMPUS TOUR\main.cpp(4285,29): warning C4305: 'argument': truncation from 'double' to 'GLfloat'
E:\Murdoch\ICT290 Games design and Programming\shayLearyALL\CAMPUS TOUR\main.cpp(4286,41): warning C4305: 'argument': truncation from 'double' to 'GLfloat'
E:\Murdoch\ICT290 Games design and Programming\shayLearyALL\CAMPUS TOUR\main.cpp(4287,29): warning C4305: 'argument': truncation from 'double' to 'GLfloat'
E:\Murdoch\ICT290 Games design and Programming\shayLearyALL\CAMPUS TOUR\main.cpp(4288,41): warning C4305: 'argument': truncation from 'double' to 'GLfloat'
E:\Murdoch\ICT290 Games design and Programming\shayLearyALL\CAMPUS TOUR\main.cpp(4297,27): warning C4305: 'argument': truncation from 'double' to 'GLfloat'
E:\Murdoch\ICT290 Games design and Programming\shayLearyALL\CAMPUS TOUR\main.cpp(4298,41): warning C4305: 'argument': truncation from 'double' to 'GLfloat'
E:\Murdoch\ICT290 Games design and Programming\shayLearyALL\CAMPUS TOUR\main.cpp(4299,27): warning C4305: 'argument': truncation from 'double' to 'GLfloat'
E:\Murdoch\ICT290 Games design and Programming\shayLearyALL\CAMPUS TOUR\main.cpp(4300,41): warning C4305: 'argument': truncation from 'double' to 'GLfloat'
E:\Murdoch\ICT290 Games design and Programming\shayLearyALL\CAMPUS TOUR\main.cpp(4332,27): warning C4244: 'argument': conversion from 'GLdouble' to 'GLfloat', possible loss of data
E:\Murdoch\ICT290 Games design and Programming\shayLearyALL\CAMPUS TOUR\main.cpp(4343,27): warning C4244: 'argument': conversion from 'GLdouble' to 'GLfloat', possible loss of data
E:\Murdoch\ICT290 Games design and Programming\shayLearyALL\CAMPUS TOUR\main.cpp(4355,27): warning C4244: 'argument': conversion from 'GLdouble' to 'GLfloat', possible loss of data
E:\Murdoch\ICT290 Games design and Programming\shayLearyALL\CAMPUS TOUR\main.cpp(4389,30): warning C4244: 'argument': conversion from 'GLdouble' to 'GLfloat', possible loss of data
E:\Murdoch\ICT290 Games design and Programming\shayLearyALL\CAMPUS TOUR\main.cpp(4400,30): warning C4244: 'argument': conversion from 'GLdouble' to 'GLfloat', possible loss of data
E:\Murdoch\ICT290 Games design and Programming\shayLearyALL\CAMPUS TOUR\main.cpp(4412,27): warning C4244: 'argument': conversion from 'GLdouble' to 'GLfloat', possible loss of data
E:\Murdoch\ICT290 Games design and Programming\shayLearyALL\CAMPUS TOUR\main.cpp(4422,27): warning C4244: 'argument': conversion from 'GLdouble' to 'GLfloat', possible loss of data
E:\Murdoch\ICT290 Games design and Programming\shayLearyALL\CAMPUS TOUR\main.cpp(4435,27): warning C4244: 'argument': conversion from 'GLdouble' to 'GLfloat', possible loss of data
E:\Murdoch\ICT290 Games design and Programming\shayLearyALL\CAMPUS TOUR\main.cpp(4519,17): warning C4244: 'argument': conversion from 'GLdouble' to 'GLfloat', possible loss of data
E:\Murdoch\ICT290 Games design and Programming\shayLearyALL\CAMPUS TOUR\main.cpp(4530,17): warning C4244: 'argument': conversion from 'GLdouble' to 'GLfloat', possible loss of data
E:\Murdoch\ICT290 Games design and Programming\shayLearyALL\CAMPUS TOUR\main.cpp(4541,17): warning C4244: 'argument': conversion from 'GLdouble' to 'GLfloat', possible loss of data
E:\Murdoch\ICT290 Games design and Programming\shayLearyALL\CAMPUS TOUR\main.cpp(4553,17): warning C4244: 'argument': conversion from 'GLdouble' to 'GLfloat', possible loss of data
E:\Murdoch\ICT290 Games design and Programming\shayLearyALL\CAMPUS TOUR\main.cpp(4571,17): warning C4244: 'argument': conversion from 'GLdouble' to 'GLfloat', possible loss of data
E:\Murdoch\ICT290 Games design and Programming\shayLearyALL\CAMPUS TOUR\main.cpp(4797,43): warning C4244: 'argument': conversion from 'double' to 'GLfloat', possible loss of data
E:\Murdoch\ICT290 Games design and Programming\shayLearyALL\CAMPUS TOUR\main.cpp(4804,43): warning C4244: 'argument': conversion from 'double' to 'GLfloat', possible loss of data
E:\Murdoch\ICT290 Games design and Programming\shayLearyALL\CAMPUS TOUR\main.cpp(4811,43): warning C4244: 'argument': conversion from 'double' to 'GLfloat', possible loss of data
E:\Murdoch\ICT290 Games design and Programming\shayLearyALL\CAMPUS TOUR\main.cpp(4830,34): warning C4244: 'argument': conversion from 'double' to 'GLfloat', possible loss of data
E:\Murdoch\ICT290 Games design and Programming\shayLearyALL\CAMPUS TOUR\main.cpp(4830,19): warning C4244: 'argument': conversion from 'GLdouble' to 'GLfloat', possible loss of data
E:\Murdoch\ICT290 Games design and Programming\shayLearyALL\CAMPUS TOUR\main.cpp(4834,36): warning C4244: 'argument': conversion from 'double' to 'GLfloat', possible loss of data
E:\Murdoch\ICT290 Games design and Programming\shayLearyALL\CAMPUS TOUR\main.cpp(4834,19): warning C4244: 'argument': conversion from 'GLdouble' to 'GLfloat', possible loss of data
E:\Murdoch\ICT290 Games design and Programming\shayLearyALL\CAMPUS TOUR\main.cpp(4850,42): warning C4244: 'argument': conversion from 'double' to 'GLfloat', possible loss of data
E:\Murdoch\ICT290 Games design and Programming\shayLearyALL\CAMPUS TOUR\main.cpp(4850,19): warning C4244: 'argument': conversion from 'GLdouble' to 'GLfloat', possible loss of data
E:\Murdoch\ICT290 Games design and Programming\shayLearyALL\CAMPUS TOUR\main.cpp(4854,44): warning C4244: 'argument': conversion from 'double' to 'GLfloat', possible loss of data
E:\Murdoch\ICT290 Games design and Programming\shayLearyALL\CAMPUS TOUR\main.cpp(4854,19): warning C4244: 'argument': conversion from 'GLdouble' to 'GLfloat', possible loss of data
E:\Murdoch\ICT290 Games design and Programming\shayLearyALL\CAMPUS TOUR\main.cpp(4961,17): warning C4244: 'argument': conversion from 'GLdouble' to 'GLfloat', possible loss of data
E:\Murdoch\ICT290 Games design and Programming\shayLearyALL\CAMPUS TOUR\main.cpp(4970,41): warning C4305: 'argument': truncation from 'double' to 'GLfloat'
E:\Murdoch\ICT290 Games design and Programming\shayLearyALL\CAMPUS TOUR\main.cpp(4977,41): warning C4305: 'argument': truncation from 'double' to 'GLfloat'
E:\Murdoch\ICT290 Games design and Programming\shayLearyALL\CAMPUS TOUR\main.cpp(4984,41): warning C4305: 'argument': truncation from 'double' to 'GLfloat'
E:\Murdoch\ICT290 Games design and Programming\shayLearyALL\CAMPUS TOUR\main.cpp(4990,41): warning C4305: 'argument': truncation from 'double' to 'GLfloat'
E:\Murdoch\ICT290 Games design and Programming\shayLearyALL\CAMPUS TOUR\main.cpp(4991,41): warning C4305: 'argument': truncation from 'double' to 'GLfloat'
E:\Murdoch\ICT290 Games design and Programming\shayLearyALL\CAMPUS TOUR\main.cpp(4992,44): warning C4305: 'argument': truncation from 'double' to 'GLfloat'
E:\Murdoch\ICT290 Games design and Programming\shayLearyALL\CAMPUS TOUR\main.cpp(5003,39): warning C4305: 'argument': truncation from 'double' to 'GLfloat'
E:\Murdoch\ICT290 Games design and Programming\shayLearyALL\CAMPUS TOUR\main.cpp(5010,39): warning C4305: 'argument': truncation from 'double' to 'GLfloat'
E:\Murdoch\ICT290 Games design and Programming\shayLearyALL\CAMPUS TOUR\main.cpp(5017,39): warning C4305: 'argument': truncation from 'double' to 'GLfloat'
E:\Murdoch\ICT290 Games design and Programming\shayLearyALL\CAMPUS TOUR\main.cpp(5023,39): warning C4305: 'argument': truncation from 'double' to 'GLfloat'
E:\Murdoch\ICT290 Games design and Programming\shayLearyALL\CAMPUS TOUR\main.cpp(5024,39): warning C4305: 'argument': truncation from 'double' to 'GLfloat'
E:\Murdoch\ICT290 Games design and Programming\shayLearyALL\CAMPUS TOUR\main.cpp(5025,42): warning C4305: 'argument': truncation from 'double' to 'GLfloat'
E:\Murdoch\ICT290 Games design and Programming\shayLearyALL\CAMPUS TOUR\main.cpp(5037,29): warning C4244: 'argument': conversion from 'double' to 'const int', possible loss of data
E:\Murdoch\ICT290 Games design and Programming\shayLearyALL\CAMPUS TOUR\main.cpp(5038,29): warning C4244: 'argument': conversion from 'double' to 'const int', possible loss of data
E:\Murdoch\ICT290 Games design and Programming\shayLearyALL\CAMPUS TOUR\main.cpp(5040,29): warning C4244: 'argument': conversion from 'double' to 'const int', possible loss of data
E:\Murdoch\ICT290 Games design and Programming\shayLearyALL\CAMPUS TOUR\main.cpp(5041,29): warning C4244: 'argument': conversion from 'double' to 'const int', possible loss of data
E:\Murdoch\ICT290 Games design and Programming\shayLearyALL\CAMPUS TOUR\main.cpp(5043,29): warning C4244: 'argument': conversion from 'double' to 'const int', possible loss of data
E:\Murdoch\ICT290 Games design and Programming\shayLearyALL\CAMPUS TOUR\main.cpp(5044,29): warning C4244: 'argument': conversion from 'double' to 'const int', possible loss of data
E:\Murdoch\ICT290 Games design and Programming\shayLearyALL\CAMPUS TOUR\main.cpp(5046,29): warning C4244: 'argument': conversion from 'double' to 'const int', possible loss of data
E:\Murdoch\ICT290 Games design and Programming\shayLearyALL\CAMPUS TOUR\main.cpp(5047,29): warning C4244: 'argument': conversion from 'double' to 'const int', possible loss of data
E:\Murdoch\ICT290 Games design and Programming\shayLearyALL\CAMPUS TOUR\main.cpp(5049,29): warning C4244: 'argument': conversion from 'double' to 'const int', possible loss of data
E:\Murdoch\ICT290 Games design and Programming\shayLearyALL\CAMPUS TOUR\main.cpp(5050,29): warning C4244: 'argument': conversion from 'double' to 'const int', possible loss of data
E:\Murdoch\ICT290 Games design and Programming\shayLearyALL\CAMPUS TOUR\main.cpp(5055,28): warning C4244: 'argument': conversion from 'double' to 'const int', possible loss of data
E:\Murdoch\ICT290 Games design and Programming\shayLearyALL\CAMPUS TOUR\main.cpp(5060,28): warning C4244: 'argument': conversion from 'double' to 'const int', possible loss of data
E:\Murdoch\ICT290 Games design and Programming\shayLearyALL\CAMPUS TOUR\main.cpp(5065,28): warning C4244: 'argument': conversion from 'double' to 'const int', possible loss of data
E:\Murdoch\ICT290 Games design and Programming\shayLearyALL\CAMPUS TOUR\main.cpp(5071,28): warning C4244: 'argument': conversion from 'double' to 'const int', possible loss of data
E:\Murdoch\ICT290 Games design and Programming\shayLearyALL\CAMPUS TOUR\main.cpp(5073,29): warning C4244: 'argument': conversion from 'double' to 'const int', possible loss of data
E:\Murdoch\ICT290 Games design and Programming\shayLearyALL\CAMPUS TOUR\main.cpp(5074,29): warning C4244: 'argument': conversion from 'double' to 'const int', possible loss of data
E:\Murdoch\ICT290 Games design and Programming\shayLearyALL\CAMPUS TOUR\main.cpp(5075,29): warning C4244: 'argument': conversion from 'double' to 'const int', possible loss of data
E:\Murdoch\ICT290 Games design and Programming\shayLearyALL\CAMPUS TOUR\main.cpp(5076,29): warning C4244: 'argument': conversion from 'double' to 'const int', possible loss of data
E:\Murdoch\ICT290 Games design and Programming\shayLearyALL\CAMPUS TOUR\main.cpp(5077,29): warning C4244: 'argument': conversion from 'double' to 'const int', possible loss of data
E:\Murdoch\ICT290 Games design and Programming\shayLearyALL\CAMPUS TOUR\main.cpp(5078,28): warning C4244: 'argument': conversion from 'double' to 'const int', possible loss of data
E:\Murdoch\ICT290 Games design and Programming\shayLearyALL\CAMPUS TOUR\main.cpp(5079,28): warning C4244: 'argument': conversion from 'double' to 'const int', possible loss of data
E:\Murdoch\ICT290 Games design and Programming\shayLearyALL\CAMPUS TOUR\main.cpp(5080,28): warning C4244: 'argument': conversion from 'double' to 'const int', possible loss of data
E:\Murdoch\ICT290 Games design and Programming\shayLearyALL\CAMPUS TOUR\main.cpp(5081,28): warning C4244: 'argument': conversion from 'double' to 'const int', possible loss of data
E:\Murdoch\ICT290 Games design and Programming\shayLearyALL\CAMPUS TOUR\main.cpp(5082,29): warning C4244: 'argument': conversion from 'double' to 'const int', possible loss of data
E:\Murdoch\ICT290 Games design and Programming\shayLearyALL\CAMPUS TOUR\main.cpp(5083,29): warning C4244: 'argument': conversion from 'double' to 'const int', possible loss of data
  PlainLinkedList.cpp
  PlainNode.cpp
  Sound.cpp
  SoundTime.cpp
  texturedPolygons.cpp
E:\Murdoch\ICT290 Games design and Programming\shayLearyALL\CAMPUS TOUR\texturedPolygons.cpp(38,9): warning C4996: 'fopen': This function or variable may be unsafe. Consider using fopen_s instead. To disable deprecation, use _CRT_SECURE_NO_WARNINGS. See online help for details.
E:\Murdoch\ICT290 Games design and Programming\shayLearyALL\CAMPUS TOUR\texturedPolygons.cpp(134,30): warning C4244: 'argument': conversion from 'const GLdouble' to 'GLfloat', possible loss of data
E:\Murdoch\ICT290 Games design and Programming\shayLearyALL\CAMPUS TOUR\texturedPolygons.cpp(134,21): warning C4244: 'argument': conversion from 'const GLdouble' to 'GLfloat', possible loss of data
E:\Murdoch\ICT290 Games design and Programming\shayLearyALL\CAMPUS TOUR\texturedPolygons.cpp(134,13): warning C4244: 'argument': conversion from 'const GLdouble' to 'GLfloat', possible loss of data
E:\Murdoch\ICT290 Games design and Programming\shayLearyALL\CAMPUS TOUR\texturedPolygons.cpp(135,20): warning C4244: 'argument': conversion from 'const GLdouble' to 'GLfloat', possible loss of data
E:\Murdoch\ICT290 Games design and Programming\shayLearyALL\CAMPUS TOUR\texturedPolygons.cpp(136,35): warning C4244: 'argument': conversion from 'GLdouble' to 'GLfloat', possible loss of data
E:\Murdoch\ICT290 Games design and Programming\shayLearyALL\CAMPUS TOUR\texturedPolygons.cpp(136,21): warning C4244: 'argument': conversion from 'const GLdouble' to 'GLfloat', possible loss of data
E:\Murdoch\ICT290 Games design and Programming\shayLearyALL\CAMPUS TOUR\texturedPolygons.cpp(136,13): warning C4244: 'argument': conversion from 'const GLdouble' to 'GLfloat', possible loss of data
E:\Murdoch\ICT290 Games design and Programming\shayLearyALL\CAMPUS TOUR\texturedPolygons.cpp(137,23): warning C4244: 'argument': conversion from 'const GLdouble' to 'GLfloat', possible loss of data
E:\Murdoch\ICT290 Games design and Programming\shayLearyALL\CAMPUS TOUR\texturedPolygons.cpp(137,15): warning C4244: 'argument': conversion from 'const GLdouble' to 'GLfloat', possible loss of data
E:\Murdoch\ICT290 Games design and Programming\shayLearyALL\CAMPUS TOUR\texturedPolygons.cpp(138,57): warning C4244: 'argument': conversion from 'GLdouble' to 'GLfloat', possible loss of data
E:\Murdoch\ICT290 Games design and Programming\shayLearyALL\CAMPUS TOUR\texturedPolygons.cpp(138,43): warning C4244: 'argument': conversion from 'const GLdouble' to 'GLfloat', possible loss of data
E:\Murdoch\ICT290 Games design and Programming\shayLearyALL\CAMPUS TOUR\texturedPolygons.cpp(138,20): warning C4244: 'argument': conversion from 'GLdouble' to 'GLfloat', possible loss of data
E:\Murdoch\ICT290 Games design and Programming\shayLearyALL\CAMPUS TOUR\texturedPolygons.cpp(139,15): warning C4244: 'argument': conversion from 'const GLdouble' to 'GLfloat', possible loss of data
E:\Murdoch\ICT290 Games design and Programming\shayLearyALL\CAMPUS TOUR\texturedPolygons.cpp(140,51): warning C4244: 'argument': conversion from 'const GLdouble' to 'GLfloat', possible loss of data
E:\Murdoch\ICT290 Games design and Programming\shayLearyALL\CAMPUS TOUR\texturedPolygons.cpp(140,43): warning C4244: 'argument': conversion from 'const GLdouble' to 'GLfloat', possible loss of data
E:\Murdoch\ICT290 Games design and Programming\shayLearyALL\CAMPUS TOUR\texturedPolygons.cpp(140,20): warning C4244: 'argument': conversion from 'GLdouble' to 'GLfloat', possible loss of data
E:\Murdoch\ICT290 Games design and Programming\shayLearyALL\CAMPUS TOUR\texturedPolygons.cpp(159,15): warning C4244: 'argument': conversion from 'GLdouble' to 'GLfloat', possible loss of data
E:\Murdoch\ICT290 Games design and Programming\shayLearyALL\CAMPUS TOUR\texturedPolygons.cpp(160,29): warning C4244: 'argument': conversion from 'const GLdouble' to 'GLfloat', possible loss of data
E:\Murdoch\ICT290 Games design and Programming\shayLearyALL\CAMPUS TOUR\texturedPolygons.cpp(160,21): warning C4244: 'argument': conversion from 'const GLdouble' to 'GLfloat', possible loss of data
E:\Murdoch\ICT290 Games design and Programming\shayLearyALL\CAMPUS TOUR\texturedPolygons.cpp(160,13): warning C4244: 'argument': conversion from 'const GLdouble' to 'GLfloat', possible loss of data
E:\Murdoch\ICT290 Games design and Programming\shayLearyALL\CAMPUS TOUR\texturedPolygons.cpp(161,22): warning C4244: 'argument': conversion from 'const GLdouble' to 'GLfloat', possible loss of data
E:\Murdoch\ICT290 Games design and Programming\shayLearyALL\CAMPUS TOUR\texturedPolygons.cpp(161,15): warning C4244: 'argument': conversion from 'GLdouble' to 'GLfloat', possible loss of data
E:\Murdoch\ICT290 Games design and Programming\shayLearyALL\CAMPUS TOUR\texturedPolygons.cpp(162,51): warning C4244: 'argument': conversion from 'const GLdouble' to 'GLfloat', possible loss of data
E:\Murdoch\ICT290 Games design and Programming\shayLearyALL\CAMPUS TOUR\texturedPolygons.cpp(162,28): warning C4244: 'argument': conversion from 'GLdouble' to 'GLfloat', possible loss of data
E:\Murdoch\ICT290 Games design and Programming\shayLearyALL\CAMPUS TOUR\texturedPolygons.cpp(162,13): warning C4244: 'argument': conversion from 'const GLdouble' to 'GLfloat', possible loss of data
E:\Murdoch\ICT290 Games design and Programming\shayLearyALL\CAMPUS TOUR\texturedPolygons.cpp(163,22): warning C4244: 'argument': conversion from 'const GLdouble' to 'GLfloat', possible loss of data
E:\Murdoch\ICT290 Games design and Programming\shayLearyALL\CAMPUS TOUR\texturedPolygons.cpp(163,15): warning C4244: 'argument': conversion from 'GLdouble' to 'GLfloat', possible loss of data
E:\Murdoch\ICT290 Games design and Programming\shayLearyALL\CAMPUS TOUR\texturedPolygons.cpp(164,73): warning C4244: 'argument': conversion from 'const GLdouble' to 'GLfloat', possible loss of data
E:\Murdoch\ICT290 Games design and Programming\shayLearyALL\CAMPUS TOUR\texturedPolygons.cpp(164,50): warning C4244: 'argument': conversion from 'GLdouble' to 'GLfloat', possible loss of data
E:\Murdoch\ICT290 Games design and Programming\shayLearyALL\CAMPUS TOUR\texturedPolygons.cpp(164,20): warning C4244: 'argument': conversion from 'GLdouble' to 'GLfloat', possible loss of data
E:\Murdoch\ICT290 Games design and Programming\shayLearyALL\CAMPUS TOUR\texturedPolygons.cpp(165,15): warning C4244: 'argument': conversion from 'GLdouble' to 'GLfloat', possible loss of data
E:\Murdoch\ICT290 Games design and Programming\shayLearyALL\CAMPUS TOUR\texturedPolygons.cpp(166,51): warning C4244: 'argument': conversion from 'const GLdouble' to 'GLfloat', possible loss of data
E:\Murdoch\ICT290 Games design and Programming\shayLearyALL\CAMPUS TOUR\texturedPolygons.cpp(166,43): warning C4244: 'argument': conversion from 'const GLdouble' to 'GLfloat', possible loss of data
E:\Murdoch\ICT290 Games design and Programming\shayLearyALL\CAMPUS TOUR\texturedPolygons.cpp(166,20): warning C4244: 'argument': conversion from 'GLdouble' to 'GLfloat', possible loss of data
E:\Murdoch\ICT290 Games design and Programming\shayLearyALL\CAMPUS TOUR\texturedPolygons.cpp(185,20): warning C4244: 'argument': conversion from 'GLdouble' to 'GLfloat', possible loss of data
E:\Murdoch\ICT290 Games design and Programming\shayLearyALL\CAMPUS TOUR\texturedPolygons.cpp(186,29): warning C4244: 'argument': conversion from 'const GLdouble' to 'GLfloat', possible loss of data
E:\Murdoch\ICT290 Games design and Programming\shayLearyALL\CAMPUS TOUR\texturedPolygons.cpp(186,21): warning C4244: 'argument': conversion from 'const GLdouble' to 'GLfloat', possible loss of data
E:\Murdoch\ICT290 Games design and Programming\shayLearyALL\CAMPUS TOUR\texturedPolygons.cpp(186,13): warning C4244: 'argument': conversion from 'const GLdouble' to 'GLfloat', possible loss of data
E:\Murdoch\ICT290 Games design and Programming\shayLearyALL\CAMPUS TOUR\texturedPolygons.cpp(187,20): warning C4244: 'argument': conversion from 'GLdouble' to 'GLfloat', possible loss of data
E:\Murdoch\ICT290 Games design and Programming\shayLearyALL\CAMPUS TOUR\texturedPolygons.cpp(188,36): warning C4244: 'argument': conversion from 'GLdouble' to 'GLfloat', possible loss of data
E:\Murdoch\ICT290 Games design and Programming\shayLearyALL\CAMPUS TOUR\texturedPolygons.cpp(188,21): warning C4244: 'argument': conversion from 'const GLdouble' to 'GLfloat', possible loss of data
E:\Murdoch\ICT290 Games design and Programming\shayLearyALL\CAMPUS TOUR\texturedPolygons.cpp(188,13): warning C4244: 'argument': conversion from 'const GLdouble' to 'GLfloat', possible loss of data
E:\Murdoch\ICT290 Games design and Programming\shayLearyALL\CAMPUS TOUR\texturedPolygons.cpp(189,23): warning C4244: 'argument': conversion from 'GLdouble' to 'GLfloat', possible loss of data
E:\Murdoch\ICT290 Games design and Programming\shayLearyALL\CAMPUS TOUR\texturedPolygons.cpp(189,15): warning C4244: 'argument': conversion from 'const GLdouble' to 'GLfloat', possible loss of data
E:\Murdoch\ICT290 Games design and Programming\shayLearyALL\CAMPUS TOUR\texturedPolygons.cpp(190,57): warning C4244: 'argument': conversion from 'GLdouble' to 'GLfloat', possible loss of data
E:\Murdoch\ICT290 Games design and Programming\shayLearyALL\CAMPUS TOUR\texturedPolygons.cpp(190,27): warning C4244: 'argument': conversion from 'GLdouble' to 'GLfloat', possible loss of data
E:\Murdoch\ICT290 Games design and Programming\shayLearyALL\CAMPUS TOUR\texturedPolygons.cpp(190,13): warning C4244: 'argument': conversion from 'const GLdouble' to 'GLfloat', possible loss of data
E:\Murdoch\ICT290 Games design and Programming\shayLearyALL\CAMPUS TOUR\texturedPolygons.cpp(191,23): warning C4244: 'argument': conversion from 'GLdouble' to 'GLfloat', possible loss of data
E:\Murdoch\ICT290 Games design and Programming\shayLearyALL\CAMPUS TOUR\texturedPolygons.cpp(191,15): warning C4244: 'argument': conversion from 'const GLdouble' to 'GLfloat', possible loss of data
E:\Murdoch\ICT290 Games design and Programming\shayLearyALL\CAMPUS TOUR\texturedPolygons.cpp(192,51): warning C4244: 'argument': conversion from 'const GLdouble' to 'GLfloat', possible loss of data
E:\Murdoch\ICT290 Games design and Programming\shayLearyALL\CAMPUS TOUR\texturedPolygons.cpp(192,28): warning C4244: 'argument': conversion from 'GLdouble' to 'GLfloat', possible loss of data
E:\Murdoch\ICT290 Games design and Programming\shayLearyALL\CAMPUS TOUR\texturedPolygons.cpp(192,13): warning C4244: 'argument': conversion from 'const GLdouble' to 'GLfloat', possible loss of data
E:\Murdoch\ICT290 Games design and Programming\shayLearyALL\CAMPUS TOUR\texturedPolygons.cpp(209,22): warning C4244: 'argument': conversion from 'const GLdouble' to 'GLfloat', possible loss of data
E:\Murdoch\ICT290 Games design and Programming\shayLearyALL\CAMPUS TOUR\texturedPolygons.cpp(210,31): warning C4244: 'argument': conversion from 'const GLdouble' to 'GLfloat', possible loss of data
E:\Murdoch\ICT290 Games design and Programming\shayLearyALL\CAMPUS TOUR\texturedPolygons.cpp(210,23): warning C4244: 'argument': conversion from 'const GLdouble' to 'GLfloat', possible loss of data
E:\Murdoch\ICT290 Games design and Programming\shayLearyALL\CAMPUS TOUR\texturedPolygons.cpp(210,15): warning C4244: 'argument': conversion from 'const GLdouble' to 'GLfloat', possible loss of data
E:\Murdoch\ICT290 Games design and Programming\shayLearyALL\CAMPUS TOUR\texturedPolygons.cpp(212,38): warning C4244: 'argument': conversion from 'GLdouble' to 'GLfloat', possible loss of data
E:\Murdoch\ICT290 Games design and Programming\shayLearyALL\CAMPUS TOUR\texturedPolygons.cpp(212,23): warning C4244: 'argument': conversion from 'const GLdouble' to 'GLfloat', possible loss of data
E:\Murdoch\ICT290 Games design and Programming\shayLearyALL\CAMPUS TOUR\texturedPolygons.cpp(212,15): warning C4244: 'argument': conversion from 'const GLdouble' to 'GLfloat', possible loss of data
E:\Murdoch\ICT290 Games design and Programming\shayLearyALL\CAMPUS TOUR\texturedPolygons.cpp(213,17): warning C4244: 'argument': conversion from 'const GLdouble' to 'GLfloat', possible loss of data
E:\Murdoch\ICT290 Games design and Programming\shayLearyALL\CAMPUS TOUR\texturedPolygons.cpp(214,45): warning C4244: 'argument': conversion from 'GLdouble' to 'GLfloat', possible loss of data
E:\Murdoch\ICT290 Games design and Programming\shayLearyALL\CAMPUS TOUR\texturedPolygons.cpp(214,29): warning C4244: 'argument': conversion from 'GLdouble' to 'GLfloat', possible loss of data
E:\Murdoch\ICT290 Games design and Programming\shayLearyALL\CAMPUS TOUR\texturedPolygons.cpp(214,15): warning C4244: 'argument': conversion from 'const GLdouble' to 'GLfloat', possible loss of data
E:\Murdoch\ICT290 Games design and Programming\shayLearyALL\CAMPUS TOUR\texturedPolygons.cpp(215,27): warning C4244: 'argument': conversion from 'const GLdouble' to 'GLfloat', possible loss of data
E:\Murdoch\ICT290 Games design and Programming\shayLearyALL\CAMPUS TOUR\texturedPolygons.cpp(215,17): warning C4244: 'argument': conversion from 'const GLdouble' to 'GLfloat', possible loss of data
E:\Murdoch\ICT290 Games design and Programming\shayLearyALL\CAMPUS TOUR\texturedPolygons.cpp(216,39): warning C4244: 'argument': conversion from 'const GLdouble' to 'GLfloat', possible loss of data
E:\Murdoch\ICT290 Games design and Programming\shayLearyALL\CAMPUS TOUR\texturedPolygons.cpp(216,30): warning C4244: 'argument': conversion from 'GLdouble' to 'GLfloat', possible loss of data
E:\Murdoch\ICT290 Games design and Programming\shayLearyALL\CAMPUS TOUR\texturedPolygons.cpp(216,15): warning C4244: 'argument': conversion from 'const GLdouble' to 'GLfloat', possible loss of data
E:\Murdoch\ICT290 Games design and Programming\shayLearyALL\CAMPUS TOUR\texturedPolygons.cpp(231,31): warning C4244: 'argument': conversion from 'const GLdouble' to 'GLfloat', possible loss of data
E:\Murdoch\ICT290 Games design and Programming\shayLearyALL\CAMPUS TOUR\texturedPolygons.cpp(231,23): warning C4244: 'argument': conversion from 'const GLdouble' to 'GLfloat', possible loss of data
E:\Murdoch\ICT290 Games design and Programming\shayLearyALL\CAMPUS TOUR\texturedPolygons.cpp(231,15): warning C4244: 'argument': conversion from 'const GLdouble' to 'GLfloat', possible loss of data
E:\Murdoch\ICT290 Games design and Programming\shayLearyALL\CAMPUS TOUR\texturedPolygons.cpp(232,17): warning C4244: 'argument': conversion from 'const GLdouble' to 'GLfloat', possible loss of data
E:\Murdoch\ICT290 Games design and Programming\shayLearyALL\CAMPUS TOUR\texturedPolygons.cpp(233,39): warning C4244: 'argument': conversion from 'const GLdouble' to 'GLfloat', possible loss of data
E:\Murdoch\ICT290 Games design and Programming\shayLearyALL\CAMPUS TOUR\texturedPolygons.cpp(233,31): warning C4244: 'argument': conversion from 'const GLdouble' to 'GLfloat', possible loss of data
E:\Murdoch\ICT290 Games design and Programming\shayLearyALL\CAMPUS TOUR\texturedPolygons.cpp(233,22): warning C4244: 'argument': conversion from 'GLdouble' to 'GLfloat', possible loss of data
E:\Murdoch\ICT290 Games design and Programming\shayLearyALL\CAMPUS TOUR\texturedPolygons.cpp(234,27): warning C4244: 'argument': conversion from 'const GLdouble' to 'GLfloat', possible loss of data
E:\Murdoch\ICT290 Games design and Programming\shayLearyALL\CAMPUS TOUR\texturedPolygons.cpp(234,17): warning C4244: 'argument': conversion from 'const GLdouble' to 'GLfloat', possible loss of data
E:\Murdoch\ICT290 Games design and Programming\shayLearyALL\CAMPUS TOUR\texturedPolygons.cpp(235,47): warning C4244: 'argument': conversion from 'const GLdouble' to 'GLfloat', possible loss of data
E:\Murdoch\ICT290 Games design and Programming\shayLearyALL\CAMPUS TOUR\texturedPolygons.cpp(235,38): warning C4244: 'argument': conversion from 'GLdouble' to 'GLfloat', possible loss of data
E:\Murdoch\ICT290 Games design and Programming\shayLearyALL\CAMPUS TOUR\texturedPolygons.cpp(235,22): warning C4244: 'argument': conversion from 'GLdouble' to 'GLfloat', possible loss of data
E:\Murdoch\ICT290 Games design and Programming\shayLearyALL\CAMPUS TOUR\texturedPolygons.cpp(236,22): warning C4244: 'argument': conversion from 'const GLdouble' to 'GLfloat', possible loss of data
E:\Murdoch\ICT290 Games design and Programming\shayLearyALL\CAMPUS TOUR\texturedPolygons.cpp(237,39): warning C4244: 'argument': conversion from 'const GLdouble' to 'GLfloat', possible loss of data
E:\Murdoch\ICT290 Games design and Programming\shayLearyALL\CAMPUS TOUR\texturedPolygons.cpp(237,30): warning C4244: 'argument': conversion from 'GLdouble' to 'GLfloat', possible loss of data
E:\Murdoch\ICT290 Games design and Programming\shayLearyALL\CAMPUS TOUR\texturedPolygons.cpp(237,15): warning C4244: 'argument': conversion from 'const GLdouble' to 'GLfloat', possible loss of data
E:\Murdoch\ICT290 Games design and Programming\shayLearyALL\CAMPUS TOUR\texturedPolygons.cpp(352,26): warning C4244: 'argument': conversion from 'GLdouble' to 'GLfloat', possible loss of data
E:\Murdoch\ICT290 Games design and Programming\shayLearyALL\CAMPUS TOUR\texturedPolygons.cpp(352,17): warning C4244: 'argument': conversion from 'GLdouble' to 'GLfloat', possible loss of data
E:\Murdoch\ICT290 Games design and Programming\shayLearyALL\CAMPUS TOUR\texturedPolygons.cpp(353,23): warning C4244: 'argument': conversion from 'const GLdouble' to 'GLfloat', possible loss of data
E:\Murdoch\ICT290 Games design and Programming\shayLearyALL\CAMPUS TOUR\texturedPolygons.cpp(353,19): warning C4244: 'argument': conversion from 'const GLdouble' to 'GLfloat', possible loss of data
E:\Murdoch\ICT290 Games design and Programming\shayLearyALL\CAMPUS TOUR\texturedPolygons.cpp(353,15): warning C4244: 'argument': conversion from 'const GLdouble' to 'GLfloat', possible loss of data
E:\Murdoch\ICT290 Games design and Programming\shayLearyALL\CAMPUS TOUR\texturedPolygons.cpp(354,26): warning C4244: 'argument': conversion from 'GLdouble' to 'GLfloat', possible loss of data
E:\Murdoch\ICT290 Games design and Programming\shayLearyALL\CAMPUS TOUR\texturedPolygons.cpp(354,17): warning C4244: 'argument': conversion from 'GLdouble' to 'GLfloat', possible loss of data
E:\Murdoch\ICT290 Games design and Programming\shayLearyALL\CAMPUS TOUR\texturedPolygons.cpp(355,23): warning C4244: 'argument': conversion from 'const GLdouble' to 'GLfloat', possible loss of data
E:\Murdoch\ICT290 Games design and Programming\shayLearyALL\CAMPUS TOUR\texturedPolygons.cpp(355,19): warning C4244: 'argument': conversion from 'const GLdouble' to 'GLfloat', possible loss of data
E:\Murdoch\ICT290 Games design and Programming\shayLearyALL\CAMPUS TOUR\texturedPolygons.cpp(355,15): warning C4244: 'argument': conversion from 'const GLdouble' to 'GLfloat', possible loss of data
E:\Murdoch\ICT290 Games design and Programming\shayLearyALL\CAMPUS TOUR\texturedPolygons.cpp(356,26): warning C4244: 'argument': conversion from 'GLdouble' to 'GLfloat', possible loss of data
E:\Murdoch\ICT290 Games design and Programming\shayLearyALL\CAMPUS TOUR\texturedPolygons.cpp(356,17): warning C4244: 'argument': conversion from 'GLdouble' to 'GLfloat', possible loss of data
E:\Murdoch\ICT290 Games design and Programming\shayLearyALL\CAMPUS TOUR\texturedPolygons.cpp(357,23): warning C4244: 'argument': conversion from 'const GLdouble' to 'GLfloat', possible loss of data
E:\Murdoch\ICT290 Games design and Programming\shayLearyALL\CAMPUS TOUR\texturedPolygons.cpp(357,19): warning C4244: 'argument': conversion from 'const GLdouble' to 'GLfloat', possible loss of data
E:\Murdoch\ICT290 Games design and Programming\shayLearyALL\CAMPUS TOUR\texturedPolygons.cpp(357,15): warning C4244: 'argument': conversion from 'const GLdouble' to 'GLfloat', possible loss of data
E:\Murdoch\ICT290 Games design and Programming\shayLearyALL\CAMPUS TOUR\texturedPolygons.cpp(358,26): warning C4244: 'argument': conversion from 'GLdouble' to 'GLfloat', possible loss of data
E:\Murdoch\ICT290 Games design and Programming\shayLearyALL\CAMPUS TOUR\texturedPolygons.cpp(358,17): warning C4244: 'argument': conversion from 'GLdouble' to 'GLfloat', possible loss of data
E:\Murdoch\ICT290 Games design and Programming\shayLearyALL\CAMPUS TOUR\texturedPolygons.cpp(359,23): warning C4244: 'argument': conversion from 'const GLdouble' to 'GLfloat', possible loss of data
E:\Murdoch\ICT290 Games design and Programming\shayLearyALL\CAMPUS TOUR\texturedPolygons.cpp(359,19): warning C4244: 'argument': conversion from 'const GLdouble' to 'GLfloat', possible loss of data
E:\Murdoch\ICT290 Games design and Programming\shayLearyALL\CAMPUS TOUR\texturedPolygons.cpp(359,15): warning C4244: 'argument': conversion from 'const GLdouble' to 'GLfloat', possible loss of data
  Generating Code...
  houses.vcxproj -> E:\Murdoch\ICT290 Games design and Programming\shayLearyALL\CAMPUS TOUR\Release\houses.exe
